[14-Mar-2025 13:38:06 UTC] PHP Warning:  Undefined array key "host" in /workspaces/UX308-Lab6/.wordpress/wp-includes/pluggable.php on line 1625
[14-Mar-2025 13:55:24 UTC] PHP Fatal error:  Out of memory (allocated 35651584) (tried to allocate 2097152 bytes) in /workspaces/UX308-Lab6/.wordpress/wp-content/plugins/ecommerce-product-catalog/modules/price/price-meta.php on line 32
[14-Mar-2025 13:55:34 UTC] PHP Fatal error:  Out of memory (allocated 33554432) (tried to allocate 2097152 bytes) in /workspaces/UX308-Lab6/.wordpress/wp-content/plugins/ecommerce-product-catalog/modules/price/price-meta.php on line 32
[14-Mar-2025 14:20:38 UTC] PHP Fatal error:  Out of memory (allocated 35651584) (tried to allocate 2097152 bytes) in /workspaces/UX308-Lab6/.wordpress/wp-content/plugins/ecommerce-product-catalog/modules/price/price-settings.php on line 22
[14-Mar-2025 14:20:38 UTC] PHP Fatal error:  Out of memory (allocated 33554432) (tried to allocate 2097152 bytes) in /workspaces/UX308-Lab6/.wordpress/wp-content/plugins/ecommerce-product-catalog/modules/price/price-settings.php on line 22
[14-Mar-2025 14:20:38 UTC] PHP Fatal error:  Out of memory (allocated 31457280) (tried to allocate 2097152 bytes) in /workspaces/UX308-Lab6/.wordpress/wp-content/plugins/ecommerce-product-catalog/modules/price/price-settings.php on line 22
[14-Mar-2025 14:20:38 UTC] PHP Fatal error:  Out of memory (allocated 31457280) (tried to allocate 2097152 bytes) in /workspaces/UX308-Lab6/.wordpress/wp-content/plugins/ecommerce-product-catalog/modules/price/price-settings.php on line 22
[14-Mar-2025 14:20:39 UTC] PHP Fatal error:  Out of memory (allocated 31457280) (tried to allocate 2097152 bytes) in /workspaces/UX308-Lab6/.wordpress/wp-content/plugins/ecommerce-product-catalog/modules/price/price-settings.php on line 22
[14-Mar-2025 14:20:39 UTC] PHP Fatal error:  Out of memory (allocated 31457280) (tried to allocate 2097152 bytes) in /workspaces/UX308-Lab6/.wordpress/wp-content/plugins/ecommerce-product-catalog/modules/price/price-settings.php on line 22
[14-Mar-2025 14:20:39 UTC] PHP Fatal error:  Out of memory (allocated 31457280) (tried to allocate 2097152 bytes) in /workspaces/UX308-Lab6/.wordpress/wp-content/plugins/ecommerce-product-catalog/modules/price/price-settings.php on line 22
[14-Mar-2025 14:20:39 UTC] PHP Fatal error:  Out of memory (allocated 31457280) (tried to allocate 2097152 bytes) in /workspaces/UX308-Lab6/.wordpress/wp-content/plugins/ecommerce-product-catalog/modules/price/price-settings.php on line 22
[14-Mar-2025 14:20:40 UTC] PHP Fatal error:  Out of memory (allocated 31457280) (tried to allocate 2097152 bytes) in /workspaces/UX308-Lab6/.wordpress/wp-content/plugins/ecommerce-product-catalog/modules/price/price-settings.php on line 22
[14-Mar-2025 14:20:40 UTC] PHP Fatal error:  Out of memory (allocated 31457280) (tried to allocate 2097152 bytes) in /workspaces/UX308-Lab6/.wordpress/wp-content/plugins/ecommerce-product-catalog/modules/price/price-settings.php on line 22
[14-Mar-2025 14:20:40 UTC] PHP Fatal error:  Out of memory (allocated 31457280) (tried to allocate 2097152 bytes) in /workspaces/UX308-Lab6/.wordpress/wp-content/plugins/ecommerce-product-catalog/modules/price/price-settings.php on line 22
[14-Mar-2025 14:20:47 UTC] PHP Fatal error:  Out of memory (allocated 31457280) (tried to allocate 2097152 bytes) in /workspaces/UX308-Lab6/.wordpress/wp-content/plugins/ecommerce-product-catalog/modules/price/price-meta.php on line 31
[14-Mar-2025 14:20:57 UTC] PHP Fatal error:  Out of memory (allocated 31457280) (tried to allocate 2097152 bytes) in /workspaces/UX308-Lab6/.wordpress/wp-content/plugins/ecommerce-product-catalog/modules/price/price-meta.php on line 31
[14-Mar-2025 14:21:08 UTC] PHP Fatal error:  Out of memory (allocated 31457280) (tried to allocate 2097152 bytes) in /workspaces/UX308-Lab6/.wordpress/wp-content/plugins/ecommerce-product-catalog/modules/price/price-meta.php on line 31
[14-Mar-2025 14:21:18 UTC] PHP Fatal error:  Out of memory (allocated 31457280) (tried to allocate 2097152 bytes) in /workspaces/UX308-Lab6/.wordpress/wp-content/plugins/ecommerce-product-catalog/modules/price/price-meta.php on line 31
[14-Mar-2025 14:21:28 UTC] PHP Fatal error:  Out of memory (allocated 31457280) (tried to allocate 2097152 bytes) in /workspaces/UX308-Lab6/.wordpress/wp-content/plugins/ecommerce-product-catalog/modules/price/price-meta.php on line 31
[14-Mar-2025 14:21:38 UTC] PHP Fatal error:  Out of memory (allocated 31457280) (tried to allocate 2097152 bytes) in /workspaces/UX308-Lab6/.wordpress/wp-content/plugins/ecommerce-product-catalog/modules/price/price-settings.php on line 21
[14-Mar-2025 14:21:39 UTC] PHP Fatal error:  Out of memory (allocated 31457280) (tried to allocate 2097152 bytes) in /workspaces/UX308-Lab6/.wordpress/wp-content/plugins/ecommerce-product-catalog/modules/price/price-meta.php on line 31
[14-Mar-2025 14:21:51 UTC] PHP Fatal error:  Out of memory (allocated 31457280) (tried to allocate 2097152 bytes) in /workspaces/UX308-Lab6/.wordpress/wp-content/plugins/ecommerce-product-catalog/modules/price/price-meta.php on line 31
[14-Mar-2025 14:22:01 UTC] PHP Fatal error:  Out of memory (allocated 31457280) (tried to allocate 2097152 bytes) in /workspaces/UX308-Lab6/.wordpress/wp-content/plugins/ecommerce-product-catalog/modules/price/price-meta.php on line 31
[14-Mar-2025 14:22:21 UTC] PHP Fatal error:  Out of memory (allocated 31457280) (tried to allocate 2097152 bytes) in /workspaces/UX308-Lab6/.wordpress/wp-content/plugins/ecommerce-product-catalog/modules/price/price-meta.php on line 31
[14-Mar-2025 14:22:24 UTC] PHP Fatal error:  Out of memory (allocated 31457280) (tried to allocate 2097152 bytes) in /workspaces/UX308-Lab6/.wordpress/wp-content/plugins/ecommerce-product-catalog/modules/price/price-meta.php on line 32
[14-Mar-2025 14:22:34 UTC] PHP Fatal error:  Out of memory (allocated 31457280) (tried to allocate 2097152 bytes) in /workspaces/UX308-Lab6/.wordpress/wp-content/plugins/ecommerce-product-catalog/modules/price/price-functions.php on line 241
[14-Mar-2025 14:22:34 UTC] PHP Fatal error:  Out of memory (allocated 31457280) (tried to allocate 2097152 bytes) in /workspaces/UX308-Lab6/.wordpress/wp-content/plugins/ecommerce-product-catalog/modules/price/price-meta.php on line 32
[14-Mar-2025 14:22:41 UTC] PHP Fatal error:  Out of memory (allocated 33554432) (tried to allocate 458752 bytes) in /workspaces/UX308-Lab6/.wordpress/wp-includes/l10n/class-wp-translation-file-php.php on line 24
[14-Mar-2025 14:22:49 UTC] PHP Fatal error:  Out of memory (allocated 33554432) (tried to allocate 32768 bytes) in /workspaces/UX308-Lab6/.wordpress/wp-includes/blocks/blocks-json.php on line 6643
[14-Mar-2025 14:22:49 UTC] PHP Fatal error:  Out of memory (allocated 33554432) (tried to allocate 94208 bytes) in /workspaces/UX308-Lab6/.wordpress/wp-content/plugins/ecommerce-product-catalog/includes/tracking.php on line 507
[14-Mar-2025 14:22:50 UTC] PHP Fatal error:  Out of memory (allocated 33554432) (tried to allocate 32768 bytes) in /workspaces/UX308-Lab6/.wordpress/wp-includes/blocks/blocks-json.php on line 6643
[14-Mar-2025 14:22:50 UTC] PHP Fatal error:  Out of memory (allocated 33554432) (tried to allocate 94208 bytes) in /workspaces/UX308-Lab6/.wordpress/wp-content/plugins/ecommerce-product-catalog/includes/tracking.php on line 507
[14-Mar-2025 14:22:50 UTC] PHP Fatal error:  Out of memory (allocated 33554432) (tried to allocate 32768 bytes) in /workspaces/UX308-Lab6/.wordpress/wp-includes/blocks/blocks-json.php on line 6643
[14-Mar-2025 14:22:50 UTC] PHP Fatal error:  Out of memory (allocated 33554432) (tried to allocate 94208 bytes) in /workspaces/UX308-Lab6/.wordpress/wp-content/plugins/ecommerce-product-catalog/includes/tracking.php on line 507
[14-Mar-2025 14:22:50 UTC] PHP Fatal error:  Out of memory (allocated 33554432) (tried to allocate 32768 bytes) in /workspaces/UX308-Lab6/.wordpress/wp-includes/blocks/blocks-json.php on line 6643
[14-Mar-2025 14:22:50 UTC] PHP Fatal error:  Out of memory (allocated 33554432) (tried to allocate 94208 bytes) in /workspaces/UX308-Lab6/.wordpress/wp-content/plugins/ecommerce-product-catalog/includes/tracking.php on line 507
[14-Mar-2025 14:22:51 UTC] PHP Fatal error:  Out of memory (allocated 33554432) (tried to allocate 458752 bytes) in /workspaces/UX308-Lab6/.wordpress/wp-includes/l10n/class-wp-translation-file-php.php on line 24
[14-Mar-2025 14:23:01 UTC] PHP Fatal error:  Out of memory (allocated 33554432) (tried to allocate 458752 bytes) in /workspaces/UX308-Lab6/.wordpress/wp-includes/l10n/class-wp-translation-file-php.php on line 24
[14-Mar-2025 14:23:11 UTC] PHP Fatal error:  Out of memory (allocated 33554432) (tried to allocate 458752 bytes) in /workspaces/UX308-Lab6/.wordpress/wp-includes/l10n/class-wp-translation-file-php.php on line 24
[14-Mar-2025 14:23:39 UTC] PHP Fatal error:  Out of memory (allocated 33554432) (tried to allocate 32768 bytes) in /workspaces/UX308-Lab6/.wordpress/wp-includes/blocks/blocks-json.php on line 6643
[14-Mar-2025 14:23:39 UTC] PHP Fatal error:  Out of memory (allocated 33554432) (tried to allocate 94208 bytes) in /workspaces/UX308-Lab6/.wordpress/wp-content/plugins/ecommerce-product-catalog/includes/tracking.php on line 507
[14-Mar-2025 14:25:11 UTC] PHP Fatal error:  Out of memory (allocated 33554432) (tried to allocate 458752 bytes) in /workspaces/UX308-Lab6/.wordpress/wp-includes/l10n/class-wp-translation-file-php.php on line 24
[14-Mar-2025 14:25:31 UTC] PHP Fatal error:  Out of memory (allocated 33554432) (tried to allocate 458752 bytes) in /workspaces/UX308-Lab6/.wordpress/wp-includes/l10n/class-wp-translation-file-php.php on line 24
[14-Mar-2025 14:25:36 UTC] PHP Fatal error:  Out of memory (allocated 33554432) (tried to allocate 458752 bytes) in /workspaces/UX308-Lab6/.wordpress/wp-includes/l10n/class-wp-translation-file-php.php on line 24
[14-Mar-2025 14:25:37 UTC] PHP Fatal error:  Out of memory (allocated 33554432) (tried to allocate 458752 bytes) in /workspaces/UX308-Lab6/.wordpress/wp-includes/l10n/class-wp-translation-file-php.php on line 24
[14-Mar-2025 14:25:37 UTC] PHP Fatal error:  Out of memory (allocated 33554432) (tried to allocate 32768 bytes) in /workspaces/UX308-Lab6/.wordpress/wp-admin/includes/plugin.php on line 2156
[14-Mar-2025 14:34:09 UTC] PHP Fatal error:  Out of memory (allocated 31457280) (tried to allocate 2097152 bytes) in /workspaces/UX308-Lab6/.wordpress/wp-content/plugins/ecommerce-product-catalog/modules/price/price-settings.php on line 26
[14-Mar-2025 14:37:00 UTC] PHP Fatal error:  Out of memory (allocated 31457280) (tried to allocate 2097152 bytes) in /workspaces/UX308-Lab6/.wordpress/wp-content/plugins/ecommerce-product-catalog/modules/price/price-settings.php on line 26
